<?xml version="1.0" encoding="UTF-8"?>
<!-- Generated by org.testng.reporters.JUnitReportReporter -->
<testsuite hostname="LAPTOP-4CDDFFRU" failures="0" tests="3" name="org.LUMA.test.Test1" time="117.634" errors="0" timestamp="2023-05-18T16:25:23 IST" skipped="0">
  <testcase classname="org.LUMA.test.Test1" name="test" time="39.266"/>
  <system-out/>
  <testcase classname="org.LUMA.test.Test1" name="test" time="39.792"/>
  <system-out/>
  <testcase classname="org.LUMA.test.Test1" name="test" time="38.576"/>
  <system-out/>
</testsuite> <!-- org.LUMA.test.Test1 -->
